<?xml version="1.0" encoding="UTF-8"?>
<!-- Generated by org.testng.reporters.JUnitReportReporter -->
<testsuite skipped="0" hostname="DESKTOP-H804N15" name="seleniumproject.SrideviJenkins.NewTest" tests="1" failures="0" timestamp="04 Jul 2021 06:22:32 GMT" time="0.032" errors="0">
  <testcase name="f" time="0.032" classname="seleniumproject.SrideviJenkins.NewTest"/>
</testsuite> <!-- seleniumproject.SrideviJenkins.NewTest -->
