<?xml version="1.0" encoding="UTF-8"?>
<!-- Generated by org.testng.reporters.JUnitReportReporter -->
<testsuite skipped="0" hostname="DESKTOP-H804N15" name="seleniumproject.SrideviJenkins.NewTest2" tests="2" failures="0" timestamp="04 Jul 2021 06:22:32 GMT" time="0.004" errors="0">
  <testcase name="f" time="0.002" classname="seleniumproject.SrideviJenkins.NewTest2"/>
  <testcase name="f" time="0.002" classname="seleniumproject.SrideviJenkins.NewTest2"/>
</testsuite> <!-- seleniumproject.SrideviJenkins.NewTest2 -->
