<?xml version="1.0" encoding="UTF-8"?>
<!-- Generated by org.testng.reporters.JUnitReportReporter -->
<testsuite skipped="0" hostname="DESKTOP-H804N15" name="seleniumproject.SrideviJenkins.NewTest" tests="1" failures="0" timestamp="2021-07-04T09:44:05 IST" time="0.001" errors="0">
  <testcase name="f" time="0.001" classname="seleniumproject.SrideviJenkins.NewTest"/>
</testsuite> <!-- seleniumproject.SrideviJenkins.NewTest -->
